<?xml version="1.0" encoding="UTF-8"?>
<testng-results skipped="0" failed="0" ignored="0" total="1" passed="1">
  <reporter-output>
  </reporter-output>
  <suite name="Default suite" duration-ms="12833" started-at="2021-10-18T00:14:20 IST" finished-at="2021-10-18T00:14:33 IST">
    <groups>
    </groups>
    <test name="Default test" duration-ms="12833" started-at="2021-10-18T00:14:20 IST" finished-at="2021-10-18T00:14:33 IST">
      <class name="Academy.Assignment.KudosRecent">
        <test-method status="PASS" signature="initialize()[pri:0, instance:Academy.Assignment.KudosRecent@7a1ebcd8]" name="initialize" is-config="true" duration-ms="3350" started-at="2021-10-18T00:14:20 IST" finished-at="2021-10-18T00:14:24 IST">
          <reporter-output>
          </reporter-output>
        </test-method> <!-- initialize -->
        <test-method status="PASS" signature="sendKudos()[pri:0, instance:Academy.Assignment.KudosRecent@7a1ebcd8]" name="sendKudos" duration-ms="9407" started-at="2021-10-18T00:14:24 IST" finished-at="2021-10-18T00:14:33 IST">
          <reporter-output>
          </reporter-output>
        </test-method> <!-- sendKudos -->
      </class> <!-- Academy.Assignment.KudosRecent -->
    </test> <!-- Default test -->
  </suite> <!-- Default suite -->
</testng-results>
